30.06.2018 23:15:35	Этот журнал содержит сведения об операции импорта схемы в проект "BookCataloque.SSDT" на компьютере "SEAGULL", выполненной пользователем "olgam".
30.06.2018 23:15:35	Импорт схемы базы данных начат.
30.06.2018 23:15:47	Идет сбор учетных данных для базы данных
30.06.2018 23:15:47	Идет сбор параметров базы данных
30.06.2018 23:15:47	Собирается параметр конфигурации области универсальной базы данных
30.06.2018 23:15:47	Идет сбор пользователей
30.06.2018 23:15:47	Идет сбор ролей
30.06.2018 23:15:47	Идет сбор ролей приложений
30.06.2018 23:15:47	Идет сбор членств ролей
30.06.2018 23:15:47	Идет сбор файловых групп
30.06.2018 23:15:47	Идет сбор полнотекстовых каталогов
30.06.2018 23:15:47	Идет сбор сборок
30.06.2018 23:15:47	Идет сбор сертификатов
30.06.2018 23:15:47	Идет сбор асимметричных ключей
30.06.2018 23:15:47	Идет сбор симметричных ключей
30.06.2018 23:15:47	Идет сбор зашифрованных симметричных ключей
30.06.2018 23:15:47	Идет сбор схем
30.06.2018 23:15:47	Идет сбор коллекции схем XML
30.06.2018 23:15:47	Идет сбор определяемых пользователем типов данных
30.06.2018 23:15:47	Идет сбор определяемых пользователем типов
30.06.2018 23:15:47	Идет сбор табличных типов
30.06.2018 23:15:47	Сбор уникальных ключей для табличных типов
30.06.2018 23:15:47	Идет сбор первичных ключей для табличных типов
30.06.2018 23:15:47	Сбор индексов для табличных типов
30.06.2018 23:15:47	Идет сбор проверочных ограничений для табличных типов
30.06.2018 23:15:47	Идет сбор ограничений по умолчанию для табличных типов
30.06.2018 23:15:47	Идет сбор функций секционирования
30.06.2018 23:15:47	Идет сбор схем секционирования
30.06.2018 23:15:47	Идет сбор функций
30.06.2018 23:15:47	Сбор зашифрованных функций
30.06.2018 23:15:47	Идет сбор статистических выражений
30.06.2018 23:15:47	Идет сбор процедур
30.06.2018 23:15:47	Сбор зашифрованных процедур
30.06.2018 23:15:47	Идет сбор таблиц
30.06.2018 23:15:47	Идет сбор первичных ключей
30.06.2018 23:15:47	Идет сбор ограничений уникальности
30.06.2018 23:15:47	Идет сбор внешних ключей
30.06.2018 23:15:47	Идет сбор ограничений по умолчанию
30.06.2018 23:15:47	Идет сбор проверочных ограничений
30.06.2018 23:15:47	Идет сбор представлений
30.06.2018 23:15:47	Сбор зашифрованных представлений
30.06.2018 23:15:47	Идет сбор индексов
30.06.2018 23:15:47	Идет сбор статистики
30.06.2018 23:15:47	Идет сбор списков стоп-слов полнотекстовых индексов
30.06.2018 23:15:47	Сбор списков свойств поиска
30.06.2018 23:15:47	Сбор свойств поиска
30.06.2018 23:15:47	Идет сбор полнотекстовых индексов
30.06.2018 23:15:47	Сбор индексов хранилища столбцов
30.06.2018 23:15:47	Идет сбор пространственных индексов
30.06.2018 23:15:47	Идет сбор XML-индексов
30.06.2018 23:15:47	Сбор селективных XML-индексов
30.06.2018 23:15:48	Сбор зашифрованных триггеров
30.06.2018 23:15:48	Идет сбор триггеров
30.06.2018 23:15:48	Идет сбор зашифрованных триггеров и триггеров ddl clr
30.06.2018 23:15:48	Идет сбор триггеров ddl
30.06.2018 23:15:48	Идет сбор синонимов
30.06.2018 23:15:48	Идет сбор значений по умолчанию
30.06.2018 23:15:48	Идет сбор привязок uddt ограничений данных
30.06.2018 23:15:48	Идет сбор правил
30.06.2018 23:15:48	Идет сбор привязок uddt ограничений данных
30.06.2018 23:15:48	Идет сбор типов сообщений
30.06.2018 23:15:48	Идет сбор списков ожидания
30.06.2018 23:15:48	Идет сбор контрактов
30.06.2018 23:15:48	Идет сбор служб
30.06.2018 23:15:48	Идет сбор уведомлений о событиях
30.06.2018 23:15:48	Идет сбор привязок удаленных служб
30.06.2018 23:15:48	Идет сбор приоритетов брокера
30.06.2018 23:15:48	Идет сбор подписей
30.06.2018 23:15:48	Идет сбор параметров сжатия данных
30.06.2018 23:15:48	Сбор типов последовательностей
30.06.2018 23:15:48	Идет сбор политик безопасности
30.06.2018 23:15:48	Сбор ключей шифрования столбцов
30.06.2018 23:15:48	Сбор главных ключей столбцов
30.06.2018 23:15:48	Выполняется сбор внешних источников данных
30.06.2018 23:15:48	Выполняется сбор внешних форматов файлов
30.06.2018 23:15:48	Выполняется сбор внешних таблиц
30.06.2018 23:15:48	Идет сбор расширенных свойств
30.06.2018 23:15:48	Идет сбор учетных данных
30.06.2018 23:15:48	Идет сбор имен входа
30.06.2018 23:15:48	Идет сбор аудитов сервера
30.06.2018 23:15:49	Импорт базы данных завершен.
30.06.2018 23:15:49	summary операции импорта была сохранена по следующему пути: C:\Users\olgam\Documents\GitHub\TestProject\BookCataloque\BookCataloque.SSDT\Журналы импорта схем\BookCataloque.SSDT_20180630081535.log
30.06.2018 23:15:49	Для продолжения нажмите кнопку ''Готово''...
